2016-01-10 23:10:39,070 [Worker-1] INFO  o.e.m.c.i.i.nexus.NexusIndexManager - Updating index for repository: central|http://repo.maven.apache.org/maven2
2016-01-10 23:10:39,223 [Worker-1] INFO  c.n.h.c.p.n.NettyAsyncHttpProvider - Number of application's worked threads is 8
2016-01-10 23:11:33,826 [Worker-4] INFO  o.e.m.c.i.l.LifecycleMappingFactory - Using org.eclipse.m2e.jdt.JarLifecycleMapping lifecycle mapping for MavenProject: homeid:homeid:0.0.1-SNAPSHOT @ D:\Home_Auto\NEW_HOME_TOMCAT\workspace\pom.xml.
2016-01-10 23:11:33,846 [Worker-4] ERROR o.e.m.c.i.i.nexus.NexusIndexManager - Unable to add homeid/homeid/0.0.1-SNAPSHOT/homeid-0.0.1-SNAPSHOT.pom
java.io.FileNotFoundException: D:\Home_Auto\NEW_HOME_TOMCAT\ws\.metadata\.plugins\org.eclipse.m2e.core\nexus\830bc118332e77292949ed1e6d2fabe0\_1.fdt (The system cannot find the path specified)
	at java.io.RandomAccessFile.open(Native Method) ~[na:1.7.0_45]
	at java.io.RandomAccessFile.<init>(RandomAccessFile.java:241) ~[na:1.7.0_45]
	at org.apache.lucene.store.FSDirectory$FSIndexOutput.<init>(FSDirectory.java:639) ~[lucene-core-2.4.1.jar:2.4.1 750176 - 2009-03-04 21:56:52]
	at org.apache.lucene.store.FSDirectory.createOutput(FSDirectory.java:442) ~[lucene-core-2.4.1.jar:2.4.1 750176 - 2009-03-04 21:56:52]
	at org.apache.lucene.index.FieldsWriter.<init>(FieldsWriter.java:62) ~[lucene-core-2.4.1.jar:2.4.1 750176 - 2009-03-04 21:56:52]
	at org.apache.lucene.index.StoredFieldsWriter.initFieldsWriter(StoredFieldsWriter.java:65) ~[lucene-core-2.4.1.jar:2.4.1 750176 - 2009-03-04 21:56:52]
	at org.apache.lucene.index.StoredFieldsWriter.finishDocument(StoredFieldsWriter.java:141) ~[lucene-core-2.4.1.jar:2.4.1 750176 - 2009-03-04 21:56:52]
	at org.apache.lucene.index.StoredFieldsWriter$PerDoc.finish(StoredFieldsWriter.java:187) ~[lucene-core-2.4.1.jar:2.4.1 750176 - 2009-03-04 21:56:52]
	at org.apache.lucene.index.DocumentsWriter$WaitQueue.writeDocument(DocumentsWriter.java:1408) ~[lucene-core-2.4.1.jar:2.4.1 750176 - 2009-03-04 21:56:52]
	at org.apache.lucene.index.DocumentsWriter$WaitQueue.add(DocumentsWriter.java:1427) ~[lucene-core-2.4.1.jar:2.4.1 750176 - 2009-03-04 21:56:52]
	at org.apache.lucene.index.DocumentsWriter.finishDocument(DocumentsWriter.java:1062) ~[lucene-core-2.4.1.jar:2.4.1 750176 - 2009-03-04 21:56:52]
	at org.apache.lucene.index.DocumentsWriter.updateDocument(DocumentsWriter.java:768) ~[lucene-core-2.4.1.jar:2.4.1 750176 - 2009-03-04 21:56:52]
	at org.apache.lucene.index.DocumentsWriter.updateDocument(DocumentsWriter.java:748) ~[lucene-core-2.4.1.jar:2.4.1 750176 - 2009-03-04 21:56:52]
	at org.apache.lucene.index.IndexWriter.updateDocument(IndexWriter.java:2047) ~[lucene-core-2.4.1.jar:2.4.1 750176 - 2009-03-04 21:56:52]
	at org.apache.lucene.index.IndexWriter.updateDocument(IndexWriter.java:2024) ~[lucene-core-2.4.1.jar:2.4.1 750176 - 2009-03-04 21:56:52]
	at org.apache.maven.index.DefaultIndexerEngine.update(DefaultIndexerEngine.java:80) ~[org.eclipse.m2e.maven.indexer_1.2.0.20120903-0645.jar:na]
	at org.apache.maven.index.DefaultNexusIndexer.addArtifactToIndex(DefaultNexusIndexer.java:338) ~[org.eclipse.m2e.maven.indexer_1.2.0.20120903-0645.jar:na]
	at org.eclipse.m2e.core.internal.index.nexus.NexusIndexManager.addDocument(NexusIndexManager.java:582) [org.eclipse.m2e.core_1.2.0.20120903-1050.jar:na]
	at org.eclipse.m2e.core.internal.index.nexus.NexusIndexManager.mavenProjectChanged(NexusIndexManager.java:760) [org.eclipse.m2e.core_1.2.0.20120903-1050.jar:na]
	at org.eclipse.m2e.core.internal.project.registry.ProjectRegistryManager.notifyProjectChangeListeners(ProjectRegistryManager.java:729) [org.eclipse.m2e.core_1.2.0.20120903-1050.jar:na]
	at org.eclipse.m2e.core.internal.project.registry.ProjectRegistryManager.applyMutableProjectRegistry(ProjectRegistryManager.java:852) [org.eclipse.m2e.core_1.2.0.20120903-1050.jar:na]
	at org.eclipse.m2e.core.internal.project.registry.ProjectRegistryManager.refresh(ProjectRegistryManager.java:281) [org.eclipse.m2e.core_1.2.0.20120903-1050.jar:na]
	at org.eclipse.m2e.core.internal.project.ProjectConfigurationManager.configureNewMavenProject(ProjectConfigurationManager.java:210) [org.eclipse.m2e.core_1.2.0.20120903-1050.jar:na]
	at org.eclipse.m2e.core.internal.project.ProjectConfigurationManager.enableMavenNature(ProjectConfigurationManager.java:432) [org.eclipse.m2e.core_1.2.0.20120903-1050.jar:na]
	at org.eclipse.m2e.core.internal.project.ProjectConfigurationManager.createSimpleProject(ProjectConfigurationManager.java:601) [org.eclipse.m2e.core_1.2.0.20120903-1050.jar:na]
	at org.eclipse.m2e.core.ui.internal.wizards.MavenProjectWizard$4.doCreateMavenProjects(MavenProjectWizard.java:223) [org.eclipse.m2e.core.ui_1.2.0.20120903-1050.jar:na]
	at org.eclipse.m2e.core.ui.internal.wizards.AbstactCreateMavenProjectJob$1.doCreateMavenProjects(AbstactCreateMavenProjectJob.java:45) [org.eclipse.m2e.core.ui_1.2.0.20120903-1050.jar:na]
	at org.eclipse.m2e.core.ui.internal.wizards.AbstractCreateMavenProjectsOperation.run(AbstractCreateMavenProjectsOperation.java:73) [org.eclipse.m2e.core.ui_1.2.0.20120903-1050.jar:na]
	at org.eclipse.m2e.core.ui.internal.wizards.AbstactCreateMavenProjectJob.runInWorkspace(AbstactCreateMavenProjectJob.java:49) [org.eclipse.m2e.core.ui_1.2.0.20120903-1050.jar:na]
	at org.eclipse.core.internal.resources.InternalWorkspaceJob.run(InternalWorkspaceJob.java:38) [org.eclipse.core.resources_3.8.1.v20121114-124432.jar:na]
	at org.eclipse.core.internal.jobs.Worker.run(Worker.java:53) [org.eclipse.core.jobs_3.5.300.v20120912-155018.jar:na]
2016-01-10 23:11:34,496 [Worker-4] INFO  o.e.m.j.i.AbstractJavaProjectConfigurator - Adding source folder /homeid/src/main/java
2016-01-10 23:11:34,498 [Worker-4] INFO  o.e.m.j.i.AbstractJavaProjectConfigurator - Adding resource folder /homeid/src/main/resources
2016-01-10 23:11:34,498 [Worker-4] INFO  o.e.m.j.i.AbstractJavaProjectConfigurator - Adding source folder /homeid/src/test/java
2016-01-10 23:11:34,501 [Worker-4] INFO  o.e.m.j.i.AbstractJavaProjectConfigurator - Adding resource folder /homeid/src/test/resources
2016-01-10 23:11:35,143 [Worker-6] INFO  o.e.m.c.i.l.LifecycleMappingFactory - Using org.eclipse.m2e.jdt.JarLifecycleMapping lifecycle mapping for MavenProject: homeid:homeid:0.0.1-SNAPSHOT @ D:\Home_Auto\NEW_HOME_TOMCAT\workspace\pom.xml.
2016-01-10 23:11:35,396 [Worker-6] ERROR o.e.m.c.i.i.nexus.NexusIndexManager - Unable to add homeid/homeid/0.0.1-SNAPSHOT/homeid-0.0.1-SNAPSHOT.pom
java.io.FileNotFoundException: D:\Home_Auto\NEW_HOME_TOMCAT\ws\.metadata\.plugins\org.eclipse.m2e.core\nexus\830bc118332e77292949ed1e6d2fabe0\_2.fdt (The system cannot find the path specified)
	at java.io.RandomAccessFile.open(Native Method) ~[na:1.7.0_45]
	at java.io.RandomAccessFile.<init>(RandomAccessFile.java:241) ~[na:1.7.0_45]
	at org.apache.lucene.store.FSDirectory$FSIndexOutput.<init>(FSDirectory.java:639) ~[lucene-core-2.4.1.jar:2.4.1 750176 - 2009-03-04 21:56:52]
	at org.apache.lucene.store.FSDirectory.createOutput(FSDirectory.java:442) ~[lucene-core-2.4.1.jar:2.4.1 750176 - 2009-03-04 21:56:52]
	at org.apache.lucene.index.FieldsWriter.<init>(FieldsWriter.java:62) ~[lucene-core-2.4.1.jar:2.4.1 750176 - 2009-03-04 21:56:52]
	at org.apache.lucene.index.StoredFieldsWriter.initFieldsWriter(StoredFieldsWriter.java:65) ~[lucene-core-2.4.1.jar:2.4.1 750176 - 2009-03-04 21:56:52]
	at org.apache.lucene.index.StoredFieldsWriter.finishDocument(StoredFieldsWriter.java:141) ~[lucene-core-2.4.1.jar:2.4.1 750176 - 2009-03-04 21:56:52]
	at org.apache.lucene.index.StoredFieldsWriter$PerDoc.finish(StoredFieldsWriter.java:187) ~[lucene-core-2.4.1.jar:2.4.1 750176 - 2009-03-04 21:56:52]
	at org.apache.lucene.index.DocumentsWriter$WaitQueue.writeDocument(DocumentsWriter.java:1408) ~[lucene-core-2.4.1.jar:2.4.1 750176 - 2009-03-04 21:56:52]
	at org.apache.lucene.index.DocumentsWriter$WaitQueue.add(DocumentsWriter.java:1427) ~[lucene-core-2.4.1.jar:2.4.1 750176 - 2009-03-04 21:56:52]
	at org.apache.lucene.index.DocumentsWriter.finishDocument(DocumentsWriter.java:1062) ~[lucene-core-2.4.1.jar:2.4.1 750176 - 2009-03-04 21:56:52]
	at org.apache.lucene.index.DocumentsWriter.updateDocument(DocumentsWriter.java:768) ~[lucene-core-2.4.1.jar:2.4.1 750176 - 2009-03-04 21:56:52]
	at org.apache.lucene.index.DocumentsWriter.updateDocument(DocumentsWriter.java:748) ~[lucene-core-2.4.1.jar:2.4.1 750176 - 2009-03-04 21:56:52]
	at org.apache.lucene.index.IndexWriter.updateDocument(IndexWriter.java:2047) ~[lucene-core-2.4.1.jar:2.4.1 750176 - 2009-03-04 21:56:52]
	at org.apache.lucene.index.IndexWriter.updateDocument(IndexWriter.java:2024) ~[lucene-core-2.4.1.jar:2.4.1 750176 - 2009-03-04 21:56:52]
	at org.apache.maven.index.DefaultIndexerEngine.update(DefaultIndexerEngine.java:80) ~[org.eclipse.m2e.maven.indexer_1.2.0.20120903-0645.jar:na]
	at org.apache.maven.index.DefaultNexusIndexer.addArtifactToIndex(DefaultNexusIndexer.java:338) ~[org.eclipse.m2e.maven.indexer_1.2.0.20120903-0645.jar:na]
	at org.eclipse.m2e.core.internal.index.nexus.NexusIndexManager.addDocument(NexusIndexManager.java:582) [org.eclipse.m2e.core_1.2.0.20120903-1050.jar:na]
	at org.eclipse.m2e.core.internal.index.nexus.NexusIndexManager.mavenProjectChanged(NexusIndexManager.java:752) [org.eclipse.m2e.core_1.2.0.20120903-1050.jar:na]
	at org.eclipse.m2e.core.internal.project.registry.ProjectRegistryManager.notifyProjectChangeListeners(ProjectRegistryManager.java:729) [org.eclipse.m2e.core_1.2.0.20120903-1050.jar:na]
	at org.eclipse.m2e.core.internal.project.registry.ProjectRegistryManager.applyMutableProjectRegistry(ProjectRegistryManager.java:852) [org.eclipse.m2e.core_1.2.0.20120903-1050.jar:na]
	at org.eclipse.m2e.core.internal.project.registry.ProjectRegistryRefreshJob.run(ProjectRegistryRefreshJob.java:93) [org.eclipse.m2e.core_1.2.0.20120903-1050.jar:na]
	at org.eclipse.core.internal.jobs.Worker.run(Worker.java:53) [org.eclipse.core.jobs_3.5.300.v20120912-155018.jar:na]
2016-01-10 23:11:36,016 [Worker-6] INFO  o.e.m.c.i.l.LifecycleMappingFactory - Using org.eclipse.m2e.jdt.JarLifecycleMapping lifecycle mapping for MavenProject: homeid:homeid:0.0.1-SNAPSHOT @ D:\Home_Auto\NEW_HOME_TOMCAT\workspace\pom.xml.
2016-01-10 23:11:36,061 [Worker-6] ERROR o.e.m.c.i.i.nexus.NexusIndexManager - Unable to add homeid/homeid/0.0.1-SNAPSHOT/homeid-0.0.1-SNAPSHOT.pom
java.io.FileNotFoundException: D:\Home_Auto\NEW_HOME_TOMCAT\ws\.metadata\.plugins\org.eclipse.m2e.core\nexus\830bc118332e77292949ed1e6d2fabe0\_3.fdt (The system cannot find the path specified)
	at java.io.RandomAccessFile.open(Native Method) ~[na:1.7.0_45]
	at java.io.RandomAccessFile.<init>(RandomAccessFile.java:241) ~[na:1.7.0_45]
	at org.apache.lucene.store.FSDirectory$FSIndexOutput.<init>(FSDirectory.java:639) ~[lucene-core-2.4.1.jar:2.4.1 750176 - 2009-03-04 21:56:52]
	at org.apache.lucene.store.FSDirectory.createOutput(FSDirectory.java:442) ~[lucene-core-2.4.1.jar:2.4.1 750176 - 2009-03-04 21:56:52]
	at org.apache.lucene.index.FieldsWriter.<init>(FieldsWriter.java:62) ~[lucene-core-2.4.1.jar:2.4.1 750176 - 2009-03-04 21:56:52]
	at org.apache.lucene.index.StoredFieldsWriter.initFieldsWriter(StoredFieldsWriter.java:65) ~[lucene-core-2.4.1.jar:2.4.1 750176 - 2009-03-04 21:56:52]
	at org.apache.lucene.index.StoredFieldsWriter.finishDocument(StoredFieldsWriter.java:141) ~[lucene-core-2.4.1.jar:2.4.1 750176 - 2009-03-04 21:56:52]
	at org.apache.lucene.index.StoredFieldsWriter$PerDoc.finish(StoredFieldsWriter.java:187) ~[lucene-core-2.4.1.jar:2.4.1 750176 - 2009-03-04 21:56:52]
	at org.apache.lucene.index.DocumentsWriter$WaitQueue.writeDocument(DocumentsWriter.java:1408) ~[lucene-core-2.4.1.jar:2.4.1 750176 - 2009-03-04 21:56:52]
	at org.apache.lucene.index.DocumentsWriter$WaitQueue.add(DocumentsWriter.java:1427) ~[lucene-core-2.4.1.jar:2.4.1 750176 - 2009-03-04 21:56:52]
	at org.apache.lucene.index.DocumentsWriter.finishDocument(DocumentsWriter.java:1062) ~[lucene-core-2.4.1.jar:2.4.1 750176 - 2009-03-04 21:56:52]
	at org.apache.lucene.index.DocumentsWriter.updateDocument(DocumentsWriter.java:768) ~[lucene-core-2.4.1.jar:2.4.1 750176 - 2009-03-04 21:56:52]
	at org.apache.lucene.index.DocumentsWriter.updateDocument(DocumentsWriter.java:748) ~[lucene-core-2.4.1.jar:2.4.1 750176 - 2009-03-04 21:56:52]
	at org.apache.lucene.index.IndexWriter.updateDocument(IndexWriter.java:2047) ~[lucene-core-2.4.1.jar:2.4.1 750176 - 2009-03-04 21:56:52]
	at org.apache.lucene.index.IndexWriter.updateDocument(IndexWriter.java:2024) ~[lucene-core-2.4.1.jar:2.4.1 750176 - 2009-03-04 21:56:52]
	at org.apache.maven.index.DefaultIndexerEngine.update(DefaultIndexerEngine.java:80) ~[org.eclipse.m2e.maven.indexer_1.2.0.20120903-0645.jar:na]
	at org.apache.maven.index.DefaultNexusIndexer.addArtifactToIndex(DefaultNexusIndexer.java:338) ~[org.eclipse.m2e.maven.indexer_1.2.0.20120903-0645.jar:na]
	at org.eclipse.m2e.core.internal.index.nexus.NexusIndexManager.addDocument(NexusIndexManager.java:582) [org.eclipse.m2e.core_1.2.0.20120903-1050.jar:na]
	at org.eclipse.m2e.core.internal.index.nexus.NexusIndexManager.mavenProjectChanged(NexusIndexManager.java:752) [org.eclipse.m2e.core_1.2.0.20120903-1050.jar:na]
	at org.eclipse.m2e.core.internal.project.registry.ProjectRegistryManager.notifyProjectChangeListeners(ProjectRegistryManager.java:729) [org.eclipse.m2e.core_1.2.0.20120903-1050.jar:na]
	at org.eclipse.m2e.core.internal.project.registry.ProjectRegistryManager.applyMutableProjectRegistry(ProjectRegistryManager.java:852) [org.eclipse.m2e.core_1.2.0.20120903-1050.jar:na]
	at org.eclipse.m2e.core.internal.project.registry.ProjectRegistryManager.refresh(ProjectRegistryManager.java:281) [org.eclipse.m2e.core_1.2.0.20120903-1050.jar:na]
	at org.eclipse.m2e.core.internal.project.registry.MavenProjectManager.refresh(MavenProjectManager.java:58) [org.eclipse.m2e.core_1.2.0.20120903-1050.jar:na]
	at org.eclipse.m2e.core.internal.builder.MavenBuilder.build(MavenBuilder.java:87) [org.eclipse.m2e.core_1.2.0.20120903-1050.jar:na]
	at org.eclipse.core.internal.events.BuildManager$2.run(BuildManager.java:726) [org.eclipse.core.resources_3.8.1.v20121114-124432.jar:na]
	at org.eclipse.core.runtime.SafeRunner.run(SafeRunner.java:42) [org.eclipse.equinox.common_3.6.100.v20120522-1841.jar:na]
	at org.eclipse.core.internal.events.BuildManager.basicBuild(BuildManager.java:199) [org.eclipse.core.resources_3.8.1.v20121114-124432.jar:na]
	at org.eclipse.core.internal.events.BuildManager.basicBuild(BuildManager.java:239) [org.eclipse.core.resources_3.8.1.v20121114-124432.jar:na]
	at org.eclipse.core.internal.events.BuildManager$1.run(BuildManager.java:292) [org.eclipse.core.resources_3.8.1.v20121114-124432.jar:na]
	at org.eclipse.core.runtime.SafeRunner.run(SafeRunner.java:42) [org.eclipse.equinox.common_3.6.100.v20120522-1841.jar:na]
	at org.eclipse.core.internal.events.BuildManager.basicBuild(BuildManager.java:295) [org.eclipse.core.resources_3.8.1.v20121114-124432.jar:na]
	at org.eclipse.core.internal.events.BuildManager.basicBuildLoop(BuildManager.java:351) [org.eclipse.core.resources_3.8.1.v20121114-124432.jar:na]
	at org.eclipse.core.internal.events.BuildManager.build(BuildManager.java:374) [org.eclipse.core.resources_3.8.1.v20121114-124432.jar:na]
	at org.eclipse.core.internal.events.AutoBuildJob.doBuild(AutoBuildJob.java:143) [org.eclipse.core.resources_3.8.1.v20121114-124432.jar:na]
	at org.eclipse.core.internal.events.AutoBuildJob.run(AutoBuildJob.java:241) [org.eclipse.core.resources_3.8.1.v20121114-124432.jar:na]
	at org.eclipse.core.internal.jobs.Worker.run(Worker.java:53) [org.eclipse.core.jobs_3.5.300.v20120912-155018.jar:na]
2016-01-10 23:11:36,133 [Worker-6] WARN  o.e.m.c.i.embedder.EclipseLogger - Using platform encoding (Cp1252 actually) to copy filtered resources, i.e. build is platform dependent!
2016-01-10 23:11:36,138 [Worker-6] INFO  o.e.m.c.i.embedder.EclipseLogger - Copying 0 resource
2016-01-10 23:11:36,141 [Worker-6] WARN  o.e.m.c.i.embedder.EclipseLogger - Using platform encoding (Cp1252 actually) to copy filtered resources, i.e. build is platform dependent!
2016-01-10 23:11:36,143 [Worker-6] INFO  o.e.m.c.i.embedder.EclipseLogger - Copying 0 resource
2016-01-10 23:21:34,713 [ModalContext] INFO  c.n.h.c.p.n.NettyAsyncHttpProvider - Number of application's worked threads is 8
2016-01-10 23:21:35,337 [New I/O client worker #2-1] INFO  o.e.m.c.i.e.AbstractTransferListenerAdapter - Downloading http://repo.maven.apache.org/maven2/org/apache/maven/archetypes/maven-archetype-webapp/maven-metadata.xml
2016-01-10 23:21:35,352 [New I/O client worker #2-1] INFO  o.e.m.c.i.e.AbstractTransferListenerAdapter - Downloaded http://repo.maven.apache.org/maven2/org/apache/maven/archetypes/maven-archetype-webapp/maven-metadata.xml
2016-01-10 23:21:35,774 [ModalContext] INFO  c.n.h.c.p.n.NettyAsyncHttpProvider - Number of application's worked threads is 8
2016-01-10 23:21:36,429 [New I/O client worker #3-1] INFO  o.e.m.c.i.e.AbstractTransferListenerAdapter - Downloading http://repo.maven.apache.org/maven2/org/apache/maven/archetypes/maven-archetype-webapp/1.0/maven-archetype-webapp-1.0.jar
2016-01-10 23:21:36,429 [New I/O client worker #3-1] INFO  o.e.m.c.i.e.AbstractTransferListenerAdapter - Downloaded http://repo.maven.apache.org/maven2/org/apache/maven/archetypes/maven-archetype-webapp/1.0/maven-archetype-webapp-1.0.jar
2016-01-10 23:22:15,853 [Worker-6] ERROR o.e.m.c.i.i.nexus.NexusIndexManager - Unable to remove homeid/homeid/0.0.1-SNAPSHOT/homeid-0.0.1-SNAPSHOT.pom
java.io.FileNotFoundException: D:\Home_Auto\NEW_HOME_TOMCAT\ws\.metadata\.plugins\org.eclipse.m2e.core\nexus\830bc118332e77292949ed1e6d2fabe0\_4.fdt (The system cannot find the path specified)
	at java.io.RandomAccessFile.open(Native Method) ~[na:1.7.0_45]
	at java.io.RandomAccessFile.<init>(RandomAccessFile.java:241) ~[na:1.7.0_45]
	at org.apache.lucene.store.FSDirectory$FSIndexOutput.<init>(FSDirectory.java:639) ~[lucene-core-2.4.1.jar:2.4.1 750176 - 2009-03-04 21:56:52]
	at org.apache.lucene.store.FSDirectory.createOutput(FSDirectory.java:442) ~[lucene-core-2.4.1.jar:2.4.1 750176 - 2009-03-04 21:56:52]
	at org.apache.lucene.index.FieldsWriter.<init>(FieldsWriter.java:62) ~[lucene-core-2.4.1.jar:2.4.1 750176 - 2009-03-04 21:56:52]
	at org.apache.lucene.index.StoredFieldsWriter.initFieldsWriter(StoredFieldsWriter.java:65) ~[lucene-core-2.4.1.jar:2.4.1 750176 - 2009-03-04 21:56:52]
	at org.apache.lucene.index.StoredFieldsWriter.finishDocument(StoredFieldsWriter.java:141) ~[lucene-core-2.4.1.jar:2.4.1 750176 - 2009-03-04 21:56:52]
	at org.apache.lucene.index.StoredFieldsWriter$PerDoc.finish(StoredFieldsWriter.java:187) ~[lucene-core-2.4.1.jar:2.4.1 750176 - 2009-03-04 21:56:52]
	at org.apache.lucene.index.DocumentsWriter$WaitQueue.writeDocument(DocumentsWriter.java:1408) ~[lucene-core-2.4.1.jar:2.4.1 750176 - 2009-03-04 21:56:52]
	at org.apache.lucene.index.DocumentsWriter$WaitQueue.add(DocumentsWriter.java:1427) ~[lucene-core-2.4.1.jar:2.4.1 750176 - 2009-03-04 21:56:52]
	at org.apache.lucene.index.DocumentsWriter.finishDocument(DocumentsWriter.java:1062) ~[lucene-core-2.4.1.jar:2.4.1 750176 - 2009-03-04 21:56:52]
	at org.apache.lucene.index.DocumentsWriter.updateDocument(DocumentsWriter.java:768) ~[lucene-core-2.4.1.jar:2.4.1 750176 - 2009-03-04 21:56:52]
	at org.apache.lucene.index.DocumentsWriter.addDocument(DocumentsWriter.java:743) ~[lucene-core-2.4.1.jar:2.4.1 750176 - 2009-03-04 21:56:52]
	at org.apache.lucene.index.IndexWriter.addDocument(IndexWriter.java:1917) ~[lucene-core-2.4.1.jar:2.4.1 750176 - 2009-03-04 21:56:52]
	at org.apache.lucene.index.IndexWriter.addDocument(IndexWriter.java:1895) ~[lucene-core-2.4.1.jar:2.4.1 750176 - 2009-03-04 21:56:52]
	at org.apache.maven.index.DefaultIndexerEngine.remove(DefaultIndexerEngine.java:177) ~[org.eclipse.m2e.maven.indexer_1.2.0.20120903-0645.jar:na]
	at org.apache.maven.index.DefaultNexusIndexer.deleteArtifactFromIndex(DefaultNexusIndexer.java:350) ~[org.eclipse.m2e.maven.indexer_1.2.0.20120903-0645.jar:na]
	at org.eclipse.m2e.core.internal.index.nexus.NexusIndexManager.removeDocument(NexusIndexManager.java:621) [org.eclipse.m2e.core_1.2.0.20120903-1050.jar:na]
	at org.eclipse.m2e.core.internal.index.nexus.NexusIndexManager.mavenProjectChanged(NexusIndexManager.java:755) [org.eclipse.m2e.core_1.2.0.20120903-1050.jar:na]
	at org.eclipse.m2e.core.internal.project.registry.ProjectRegistryManager.notifyProjectChangeListeners(ProjectRegistryManager.java:729) [org.eclipse.m2e.core_1.2.0.20120903-1050.jar:na]
	at org.eclipse.m2e.core.internal.project.registry.ProjectRegistryManager.applyMutableProjectRegistry(ProjectRegistryManager.java:852) [org.eclipse.m2e.core_1.2.0.20120903-1050.jar:na]
	at org.eclipse.m2e.core.internal.project.registry.ProjectRegistryRefreshJob.run(ProjectRegistryRefreshJob.java:93) [org.eclipse.m2e.core_1.2.0.20120903-1050.jar:na]
	at org.eclipse.core.internal.jobs.Worker.run(Worker.java:53) [org.eclipse.core.jobs_3.5.300.v20120912-155018.jar:na]
2016-01-10 23:22:42,844 [ModalContext] INFO  c.n.h.c.p.n.NettyAsyncHttpProvider - Number of application's worked threads is 8
2016-01-10 23:22:44,498 [New I/O client worker #4-1] INFO  o.e.m.c.i.e.AbstractTransferListenerAdapter - Downloading http://repo.maven.apache.org/maven2/org/apache/maven/archetypes/maven-archetype-quickstart/maven-metadata.xml
2016-01-10 23:22:44,498 [New I/O client worker #4-1] INFO  o.e.m.c.i.e.AbstractTransferListenerAdapter - Downloaded http://repo.maven.apache.org/maven2/org/apache/maven/archetypes/maven-archetype-quickstart/maven-metadata.xml
2016-01-10 23:22:44,841 [ModalContext] INFO  c.n.h.c.p.n.NettyAsyncHttpProvider - Number of application's worked threads is 8
2016-01-10 23:22:45,481 [New I/O client worker #5-1] INFO  o.e.m.c.i.e.AbstractTransferListenerAdapter - Downloading http://repo.maven.apache.org/maven2/org/apache/maven/archetypes/maven-archetype-quickstart/1.1/maven-archetype-quickstart-1.1.jar
2016-01-10 23:22:45,481 [New I/O client worker #5-1] INFO  o.e.m.c.i.e.AbstractTransferListenerAdapter - Downloaded http://repo.maven.apache.org/maven2/org/apache/maven/archetypes/maven-archetype-quickstart/1.1/maven-archetype-quickstart-1.1.jar
2016-01-10 23:23:01,556 [Worker-4] INFO  c.n.h.c.p.n.NettyAsyncHttpProvider - Number of application's worked threads is 8
2016-01-10 23:23:02,180 [New I/O client worker #6-1] INFO  o.e.m.c.i.e.AbstractTransferListenerAdapter - Downloading http://repo.maven.apache.org/maven2/org/apache/maven/archetypes/maven-archetype-quickstart/1.1/maven-archetype-quickstart-1.1.pom
2016-01-10 23:23:02,180 [New I/O client worker #6-1] INFO  o.e.m.c.i.e.AbstractTransferListenerAdapter - Downloaded http://repo.maven.apache.org/maven2/org/apache/maven/archetypes/maven-archetype-quickstart/1.1/maven-archetype-quickstart-1.1.pom
2016-01-10 23:23:02,632 [pool-8-thread-1] INFO  o.e.m.c.i.e.AbstractTransferListenerAdapter - Downloaded file:///C:/Users/RPODDAR/.m2/repository/org/apache/maven/archetypes/maven-archetype-quickstart/1.1/maven-archetype-quickstart-1.1.jar
2016-01-10 23:23:02,695 [Worker-4] INFO  o.e.m.c.i.p.ProjectConfigurationManager - Collecting project info '/pom.xml' D:\Home_Auto\NEW_HOME_TOMCAT\workspace\homeproject\pom.xml
2016-01-10 23:23:02,851 [Worker-4] INFO  o.e.m.c.i.l.LifecycleMappingFactory - Using org.eclipse.m2e.jdt.JarLifecycleMapping lifecycle mapping for MavenProject: homeproject:homeproject:0.0.1-SNAPSHOT @ D:\Home_Auto\NEW_HOME_TOMCAT\workspace\homeproject\pom.xml.
2016-01-10 23:23:02,866 [Worker-4] ERROR o.e.m.c.i.i.nexus.NexusIndexManager - Unable to add homeproject/homeproject/0.0.1-SNAPSHOT/homeproject-0.0.1-SNAPSHOT.pom
java.io.FileNotFoundException: D:\Home_Auto\NEW_HOME_TOMCAT\ws\.metadata\.plugins\org.eclipse.m2e.core\nexus\830bc118332e77292949ed1e6d2fabe0\_5.fdt (The system cannot find the path specified)
	at java.io.RandomAccessFile.open(Native Method) ~[na:1.7.0_45]
	at java.io.RandomAccessFile.<init>(RandomAccessFile.java:241) ~[na:1.7.0_45]
	at org.apache.lucene.store.FSDirectory$FSIndexOutput.<init>(FSDirectory.java:639) ~[lucene-core-2.4.1.jar:2.4.1 750176 - 2009-03-04 21:56:52]
	at org.apache.lucene.store.FSDirectory.createOutput(FSDirectory.java:442) ~[lucene-core-2.4.1.jar:2.4.1 750176 - 2009-03-04 21:56:52]
	at org.apache.lucene.index.FieldsWriter.<init>(FieldsWriter.java:62) ~[lucene-core-2.4.1.jar:2.4.1 750176 - 2009-03-04 21:56:52]
	at org.apache.lucene.index.StoredFieldsWriter.initFieldsWriter(StoredFieldsWriter.java:65) ~[lucene-core-2.4.1.jar:2.4.1 750176 - 2009-03-04 21:56:52]
	at org.apache.lucene.index.StoredFieldsWriter.finishDocument(StoredFieldsWriter.java:141) ~[lucene-core-2.4.1.jar:2.4.1 750176 - 2009-03-04 21:56:52]
	at org.apache.lucene.index.StoredFieldsWriter$PerDoc.finish(StoredFieldsWriter.java:187) ~[lucene-core-2.4.1.jar:2.4.1 750176 - 2009-03-04 21:56:52]
	at org.apache.lucene.index.DocumentsWriter$WaitQueue.writeDocument(DocumentsWriter.java:1408) ~[lucene-core-2.4.1.jar:2.4.1 750176 - 2009-03-04 21:56:52]
	at org.apache.lucene.index.DocumentsWriter$WaitQueue.add(DocumentsWriter.java:1427) ~[lucene-core-2.4.1.jar:2.4.1 750176 - 2009-03-04 21:56:52]
	at org.apache.lucene.index.DocumentsWriter.finishDocument(DocumentsWriter.java:1062) ~[lucene-core-2.4.1.jar:2.4.1 750176 - 2009-03-04 21:56:52]
	at org.apache.lucene.index.DocumentsWriter.updateDocument(DocumentsWriter.java:768) ~[lucene-core-2.4.1.jar:2.4.1 750176 - 2009-03-04 21:56:52]
	at org.apache.lucene.index.DocumentsWriter.updateDocument(DocumentsWriter.java:748) ~[lucene-core-2.4.1.jar:2.4.1 750176 - 2009-03-04 21:56:52]
	at org.apache.lucene.index.IndexWriter.updateDocument(IndexWriter.java:2047) ~[lucene-core-2.4.1.jar:2.4.1 750176 - 2009-03-04 21:56:52]
	at org.apache.lucene.index.IndexWriter.updateDocument(IndexWriter.java:2024) ~[lucene-core-2.4.1.jar:2.4.1 750176 - 2009-03-04 21:56:52]
	at org.apache.maven.index.DefaultIndexerEngine.update(DefaultIndexerEngine.java:80) ~[org.eclipse.m2e.maven.indexer_1.2.0.20120903-0645.jar:na]
	at org.apache.maven.index.DefaultNexusIndexer.addArtifactToIndex(DefaultNexusIndexer.java:338) ~[org.eclipse.m2e.maven.indexer_1.2.0.20120903-0645.jar:na]
	at org.eclipse.m2e.core.internal.index.nexus.NexusIndexManager.addDocument(NexusIndexManager.java:582) [org.eclipse.m2e.core_1.2.0.20120903-1050.jar:na]
	at org.eclipse.m2e.core.internal.index.nexus.NexusIndexManager.mavenProjectChanged(NexusIndexManager.java:760) [org.eclipse.m2e.core_1.2.0.20120903-1050.jar:na]
	at org.eclipse.m2e.core.internal.project.registry.ProjectRegistryManager.notifyProjectChangeListeners(ProjectRegistryManager.java:729) [org.eclipse.m2e.core_1.2.0.20120903-1050.jar:na]
	at org.eclipse.m2e.core.internal.project.registry.ProjectRegistryManager.applyMutableProjectRegistry(ProjectRegistryManager.java:852) [org.eclipse.m2e.core_1.2.0.20120903-1050.jar:na]
	at org.eclipse.m2e.core.internal.project.registry.ProjectRegistryManager.refresh(ProjectRegistryManager.java:281) [org.eclipse.m2e.core_1.2.0.20120903-1050.jar:na]
	at org.eclipse.m2e.core.internal.project.ProjectConfigurationManager.configureNewMavenProject(ProjectConfigurationManager.java:210) [org.eclipse.m2e.core_1.2.0.20120903-1050.jar:na]
	at org.eclipse.m2e.core.internal.project.ProjectConfigurationManager.importProjects(ProjectConfigurationManager.java:156) [org.eclipse.m2e.core_1.2.0.20120903-1050.jar:na]
	at org.eclipse.m2e.core.internal.project.ProjectConfigurationManager.createArchetypeProjects(ProjectConfigurationManager.java:708) [org.eclipse.m2e.core_1.2.0.20120903-1050.jar:na]
	at org.eclipse.m2e.core.ui.internal.wizards.MavenProjectWizard$5.doCreateMavenProjects(MavenProjectWizard.java:241) [org.eclipse.m2e.core.ui_1.2.0.20120903-1050.jar:na]
	at org.eclipse.m2e.core.ui.internal.wizards.AbstactCreateMavenProjectJob$1.doCreateMavenProjects(AbstactCreateMavenProjectJob.java:45) [org.eclipse.m2e.core.ui_1.2.0.20120903-1050.jar:na]
	at org.eclipse.m2e.core.ui.internal.wizards.AbstractCreateMavenProjectsOperation.run(AbstractCreateMavenProjectsOperation.java:73) [org.eclipse.m2e.core.ui_1.2.0.20120903-1050.jar:na]
	at org.eclipse.m2e.core.ui.internal.wizards.AbstactCreateMavenProjectJob.runInWorkspace(AbstactCreateMavenProjectJob.java:49) [org.eclipse.m2e.core.ui_1.2.0.20120903-1050.jar:na]
	at org.eclipse.core.internal.resources.InternalWorkspaceJob.run(InternalWorkspaceJob.java:38) [org.eclipse.core.resources_3.8.1.v20121114-124432.jar:na]
	at org.eclipse.core.internal.jobs.Worker.run(Worker.java:53) [org.eclipse.core.jobs_3.5.300.v20120912-155018.jar:na]
2016-01-10 23:23:02,929 [Worker-4] INFO  o.e.m.j.i.AbstractJavaProjectConfigurator - Adding source folder /homeproject/src/main/java
2016-01-10 23:23:02,929 [Worker-4] INFO  o.e.m.j.i.AbstractJavaProjectConfigurator - Adding source folder /homeproject/src/test/java
2016-01-10 23:23:03,038 [Worker-4] INFO  o.e.m.c.i.p.ProjectConfigurationManager - Project import completed 0 sec
2016-01-10 23:23:03,537 [Worker-7] INFO  o.e.m.c.i.l.LifecycleMappingFactory - Using org.eclipse.m2e.jdt.JarLifecycleMapping lifecycle mapping for MavenProject: homeproject:homeproject:0.0.1-SNAPSHOT @ D:\Home_Auto\NEW_HOME_TOMCAT\workspace\homeproject\pom.xml.
2016-01-10 23:23:03,568 [Worker-7] ERROR o.e.m.c.i.i.nexus.NexusIndexManager - Unable to add homeproject/homeproject/0.0.1-SNAPSHOT/homeproject-0.0.1-SNAPSHOT.pom
java.io.FileNotFoundException: D:\Home_Auto\NEW_HOME_TOMCAT\ws\.metadata\.plugins\org.eclipse.m2e.core\nexus\830bc118332e77292949ed1e6d2fabe0\_6.fdt (The system cannot find the path specified)
	at java.io.RandomAccessFile.open(Native Method) ~[na:1.7.0_45]
	at java.io.RandomAccessFile.<init>(RandomAccessFile.java:241) ~[na:1.7.0_45]
	at org.apache.lucene.store.FSDirectory$FSIndexOutput.<init>(FSDirectory.java:639) ~[lucene-core-2.4.1.jar:2.4.1 750176 - 2009-03-04 21:56:52]
	at org.apache.lucene.store.FSDirectory.createOutput(FSDirectory.java:442) ~[lucene-core-2.4.1.jar:2.4.1 750176 - 2009-03-04 21:56:52]
	at org.apache.lucene.index.FieldsWriter.<init>(FieldsWriter.java:62) ~[lucene-core-2.4.1.jar:2.4.1 750176 - 2009-03-04 21:56:52]
	at org.apache.lucene.index.StoredFieldsWriter.initFieldsWriter(StoredFieldsWriter.java:65) ~[lucene-core-2.4.1.jar:2.4.1 750176 - 2009-03-04 21:56:52]
	at org.apache.lucene.index.StoredFieldsWriter.finishDocument(StoredFieldsWriter.java:141) ~[lucene-core-2.4.1.jar:2.4.1 750176 - 2009-03-04 21:56:52]
	at org.apache.lucene.index.StoredFieldsWriter$PerDoc.finish(StoredFieldsWriter.java:187) ~[lucene-core-2.4.1.jar:2.4.1 750176 - 2009-03-04 21:56:52]
	at org.apache.lucene.index.DocumentsWriter$WaitQueue.writeDocument(DocumentsWriter.java:1408) ~[lucene-core-2.4.1.jar:2.4.1 750176 - 2009-03-04 21:56:52]
	at org.apache.lucene.index.DocumentsWriter$WaitQueue.add(DocumentsWriter.java:1427) ~[lucene-core-2.4.1.jar:2.4.1 750176 - 2009-03-04 21:56:52]
	at org.apache.lucene.index.DocumentsWriter.finishDocument(DocumentsWriter.java:1062) ~[lucene-core-2.4.1.jar:2.4.1 750176 - 2009-03-04 21:56:52]
	at org.apache.lucene.index.DocumentsWriter.updateDocument(DocumentsWriter.java:768) ~[lucene-core-2.4.1.jar:2.4.1 750176 - 2009-03-04 21:56:52]
	at org.apache.lucene.index.DocumentsWriter.updateDocument(DocumentsWriter.java:748) ~[lucene-core-2.4.1.jar:2.4.1 750176 - 2009-03-04 21:56:52]
	at org.apache.lucene.index.IndexWriter.updateDocument(IndexWriter.java:2047) ~[lucene-core-2.4.1.jar:2.4.1 750176 - 2009-03-04 21:56:52]
	at org.apache.lucene.index.IndexWriter.updateDocument(IndexWriter.java:2024) ~[lucene-core-2.4.1.jar:2.4.1 750176 - 2009-03-04 21:56:52]
	at org.apache.maven.index.DefaultIndexerEngine.update(DefaultIndexerEngine.java:80) ~[org.eclipse.m2e.maven.indexer_1.2.0.20120903-0645.jar:na]
	at org.apache.maven.index.DefaultNexusIndexer.addArtifactToIndex(DefaultNexusIndexer.java:338) ~[org.eclipse.m2e.maven.indexer_1.2.0.20120903-0645.jar:na]
	at org.eclipse.m2e.core.internal.index.nexus.NexusIndexManager.addDocument(NexusIndexManager.java:582) [org.eclipse.m2e.core_1.2.0.20120903-1050.jar:na]
	at org.eclipse.m2e.core.internal.index.nexus.NexusIndexManager.mavenProjectChanged(NexusIndexManager.java:752) [org.eclipse.m2e.core_1.2.0.20120903-1050.jar:na]
	at org.eclipse.m2e.core.internal.project.registry.ProjectRegistryManager.notifyProjectChangeListeners(ProjectRegistryManager.java:729) [org.eclipse.m2e.core_1.2.0.20120903-1050.jar:na]
	at org.eclipse.m2e.core.internal.project.registry.ProjectRegistryManager.applyMutableProjectRegistry(ProjectRegistryManager.java:852) [org.eclipse.m2e.core_1.2.0.20120903-1050.jar:na]
	at org.eclipse.m2e.core.internal.project.registry.ProjectRegistryManager.refresh(ProjectRegistryManager.java:281) [org.eclipse.m2e.core_1.2.0.20120903-1050.jar:na]
	at org.eclipse.m2e.core.internal.project.registry.MavenProjectManager.refresh(MavenProjectManager.java:58) [org.eclipse.m2e.core_1.2.0.20120903-1050.jar:na]
	at org.eclipse.m2e.core.internal.builder.MavenBuilder.build(MavenBuilder.java:87) [org.eclipse.m2e.core_1.2.0.20120903-1050.jar:na]
	at org.eclipse.core.internal.events.BuildManager$2.run(BuildManager.java:726) [org.eclipse.core.resources_3.8.1.v20121114-124432.jar:na]
	at org.eclipse.core.runtime.SafeRunner.run(SafeRunner.java:42) [org.eclipse.equinox.common_3.6.100.v20120522-1841.jar:na]
	at org.eclipse.core.internal.events.BuildManager.basicBuild(BuildManager.java:199) [org.eclipse.core.resources_3.8.1.v20121114-124432.jar:na]
	at org.eclipse.core.internal.events.BuildManager.basicBuild(BuildManager.java:239) [org.eclipse.core.resources_3.8.1.v20121114-124432.jar:na]
	at org.eclipse.core.internal.events.BuildManager$1.run(BuildManager.java:292) [org.eclipse.core.resources_3.8.1.v20121114-124432.jar:na]
	at org.eclipse.core.runtime.SafeRunner.run(SafeRunner.java:42) [org.eclipse.equinox.common_3.6.100.v20120522-1841.jar:na]
	at org.eclipse.core.internal.events.BuildManager.basicBuild(BuildManager.java:295) [org.eclipse.core.resources_3.8.1.v20121114-124432.jar:na]
	at org.eclipse.core.internal.events.BuildManager.basicBuildLoop(BuildManager.java:351) [org.eclipse.core.resources_3.8.1.v20121114-124432.jar:na]
	at org.eclipse.core.internal.events.BuildManager.build(BuildManager.java:374) [org.eclipse.core.resources_3.8.1.v20121114-124432.jar:na]
	at org.eclipse.core.internal.events.AutoBuildJob.doBuild(AutoBuildJob.java:143) [org.eclipse.core.resources_3.8.1.v20121114-124432.jar:na]
	at org.eclipse.core.internal.events.AutoBuildJob.run(AutoBuildJob.java:241) [org.eclipse.core.resources_3.8.1.v20121114-124432.jar:na]
	at org.eclipse.core.internal.jobs.Worker.run(Worker.java:53) [org.eclipse.core.jobs_3.5.300.v20120912-155018.jar:na]
2016-01-10 23:23:03,600 [Worker-7] INFO  o.e.m.c.i.embedder.EclipseLogger - Using 'UTF-8' encoding to copy filtered resources.
2016-01-10 23:23:03,600 [Worker-7] INFO  o.e.m.c.i.embedder.EclipseLogger - skip non existing resourceDirectory D:\Home_Auto\NEW_HOME_TOMCAT\workspace\homeproject\src\main\resources
2016-01-10 23:23:03,600 [Worker-7] INFO  o.e.m.c.i.embedder.EclipseLogger - Using 'UTF-8' encoding to copy filtered resources.
2016-01-10 23:23:03,600 [Worker-7] INFO  o.e.m.c.i.embedder.EclipseLogger - skip non existing resourceDirectory D:\Home_Auto\NEW_HOME_TOMCAT\workspace\homeproject\src\test\resources
2016-01-10 23:23:04,222 [Worker-6] INFO  o.e.m.c.i.l.LifecycleMappingFactory - Using org.eclipse.m2e.jdt.JarLifecycleMapping lifecycle mapping for MavenProject: homeproject:homeproject:0.0.1-SNAPSHOT @ D:\Home_Auto\NEW_HOME_TOMCAT\workspace\homeproject\pom.xml.
2016-01-10 23:23:04,269 [Worker-6] ERROR o.e.m.c.i.i.nexus.NexusIndexManager - Unable to add homeproject/homeproject/0.0.1-SNAPSHOT/homeproject-0.0.1-SNAPSHOT.pom
java.io.FileNotFoundException: D:\Home_Auto\NEW_HOME_TOMCAT\ws\.metadata\.plugins\org.eclipse.m2e.core\nexus\830bc118332e77292949ed1e6d2fabe0\_7.fdt (The system cannot find the path specified)
	at java.io.RandomAccessFile.open(Native Method) ~[na:1.7.0_45]
	at java.io.RandomAccessFile.<init>(RandomAccessFile.java:241) ~[na:1.7.0_45]
	at org.apache.lucene.store.FSDirectory$FSIndexOutput.<init>(FSDirectory.java:639) ~[lucene-core-2.4.1.jar:2.4.1 750176 - 2009-03-04 21:56:52]
	at org.apache.lucene.store.FSDirectory.createOutput(FSDirectory.java:442) ~[lucene-core-2.4.1.jar:2.4.1 750176 - 2009-03-04 21:56:52]
	at org.apache.lucene.index.FieldsWriter.<init>(FieldsWriter.java:62) ~[lucene-core-2.4.1.jar:2.4.1 750176 - 2009-03-04 21:56:52]
	at org.apache.lucene.index.StoredFieldsWriter.initFieldsWriter(StoredFieldsWriter.java:65) ~[lucene-core-2.4.1.jar:2.4.1 750176 - 2009-03-04 21:56:52]
	at org.apache.lucene.index.StoredFieldsWriter.finishDocument(StoredFieldsWriter.java:141) ~[lucene-core-2.4.1.jar:2.4.1 750176 - 2009-03-04 21:56:52]
	at org.apache.lucene.index.StoredFieldsWriter$PerDoc.finish(StoredFieldsWriter.java:187) ~[lucene-core-2.4.1.jar:2.4.1 750176 - 2009-03-04 21:56:52]
	at org.apache.lucene.index.DocumentsWriter$WaitQueue.writeDocument(DocumentsWriter.java:1408) ~[lucene-core-2.4.1.jar:2.4.1 750176 - 2009-03-04 21:56:52]
	at org.apache.lucene.index.DocumentsWriter$WaitQueue.add(DocumentsWriter.java:1427) ~[lucene-core-2.4.1.jar:2.4.1 750176 - 2009-03-04 21:56:52]
	at org.apache.lucene.index.DocumentsWriter.finishDocument(DocumentsWriter.java:1062) ~[lucene-core-2.4.1.jar:2.4.1 750176 - 2009-03-04 21:56:52]
	at org.apache.lucene.index.DocumentsWriter.updateDocument(DocumentsWriter.java:768) ~[lucene-core-2.4.1.jar:2.4.1 750176 - 2009-03-04 21:56:52]
	at org.apache.lucene.index.DocumentsWriter.updateDocument(DocumentsWriter.java:748) ~[lucene-core-2.4.1.jar:2.4.1 750176 - 2009-03-04 21:56:52]
	at org.apache.lucene.index.IndexWriter.updateDocument(IndexWriter.java:2047) ~[lucene-core-2.4.1.jar:2.4.1 750176 - 2009-03-04 21:56:52]
	at org.apache.lucene.index.IndexWriter.updateDocument(IndexWriter.java:2024) ~[lucene-core-2.4.1.jar:2.4.1 750176 - 2009-03-04 21:56:52]
	at org.apache.maven.index.DefaultIndexerEngine.update(DefaultIndexerEngine.java:80) ~[org.eclipse.m2e.maven.indexer_1.2.0.20120903-0645.jar:na]
	at org.apache.maven.index.DefaultNexusIndexer.addArtifactToIndex(DefaultNexusIndexer.java:338) ~[org.eclipse.m2e.maven.indexer_1.2.0.20120903-0645.jar:na]
	at org.eclipse.m2e.core.internal.index.nexus.NexusIndexManager.addDocument(NexusIndexManager.java:582) [org.eclipse.m2e.core_1.2.0.20120903-1050.jar:na]
	at org.eclipse.m2e.core.internal.index.nexus.NexusIndexManager.mavenProjectChanged(NexusIndexManager.java:752) [org.eclipse.m2e.core_1.2.0.20120903-1050.jar:na]
	at org.eclipse.m2e.core.internal.project.registry.ProjectRegistryManager.notifyProjectChangeListeners(ProjectRegistryManager.java:729) [org.eclipse.m2e.core_1.2.0.20120903-1050.jar:na]
	at org.eclipse.m2e.core.internal.project.registry.ProjectRegistryManager.applyMutableProjectRegistry(ProjectRegistryManager.java:852) [org.eclipse.m2e.core_1.2.0.20120903-1050.jar:na]
	at org.eclipse.m2e.core.internal.project.registry.ProjectRegistryRefreshJob.run(ProjectRegistryRefreshJob.java:93) [org.eclipse.m2e.core_1.2.0.20120903-1050.jar:na]
	at org.eclipse.core.internal.jobs.Worker.run(Worker.java:53) [org.eclipse.core.jobs_3.5.300.v20120912-155018.jar:na]
2016-01-10 23:23:04,628 [Worker-4] INFO  o.e.m.c.i.embedder.EclipseLogger - Using 'UTF-8' encoding to copy filtered resources.
2016-01-10 23:23:04,628 [Worker-4] INFO  o.e.m.c.i.embedder.EclipseLogger - skip non existing resourceDirectory D:\Home_Auto\NEW_HOME_TOMCAT\workspace\homeproject\src\main\resources
2016-01-10 23:23:04,628 [Worker-4] INFO  o.e.m.c.i.embedder.EclipseLogger - Using 'UTF-8' encoding to copy filtered resources.
2016-01-10 23:23:04,628 [Worker-4] INFO  o.e.m.c.i.embedder.EclipseLogger - skip non existing resourceDirectory D:\Home_Auto\NEW_HOME_TOMCAT\workspace\homeproject\src\test\resources
2016-01-10 23:27:35,340 [Worker-8] ERROR o.e.m.c.i.i.nexus.NexusIndexManager - Unable to remove homeproject/homeproject/0.0.1-SNAPSHOT/homeproject-0.0.1-SNAPSHOT.pom
java.io.FileNotFoundException: D:\Home_Auto\NEW_HOME_TOMCAT\ws\.metadata\.plugins\org.eclipse.m2e.core\nexus\830bc118332e77292949ed1e6d2fabe0\_8.fdt (The system cannot find the path specified)
	at java.io.RandomAccessFile.open(Native Method) ~[na:1.7.0_45]
	at java.io.RandomAccessFile.<init>(RandomAccessFile.java:241) ~[na:1.7.0_45]
	at org.apache.lucene.store.FSDirectory$FSIndexOutput.<init>(FSDirectory.java:639) ~[lucene-core-2.4.1.jar:2.4.1 750176 - 2009-03-04 21:56:52]
	at org.apache.lucene.store.FSDirectory.createOutput(FSDirectory.java:442) ~[lucene-core-2.4.1.jar:2.4.1 750176 - 2009-03-04 21:56:52]
	at org.apache.lucene.index.FieldsWriter.<init>(FieldsWriter.java:62) ~[lucene-core-2.4.1.jar:2.4.1 750176 - 2009-03-04 21:56:52]
	at org.apache.lucene.index.StoredFieldsWriter.initFieldsWriter(StoredFieldsWriter.java:65) ~[lucene-core-2.4.1.jar:2.4.1 750176 - 2009-03-04 21:56:52]
	at org.apache.lucene.index.StoredFieldsWriter.finishDocument(StoredFieldsWriter.java:141) ~[lucene-core-2.4.1.jar:2.4.1 750176 - 2009-03-04 21:56:52]
	at org.apache.lucene.index.StoredFieldsWriter$PerDoc.finish(StoredFieldsWriter.java:187) ~[lucene-core-2.4.1.jar:2.4.1 750176 - 2009-03-04 21:56:52]
	at org.apache.lucene.index.DocumentsWriter$WaitQueue.writeDocument(DocumentsWriter.java:1408) ~[lucene-core-2.4.1.jar:2.4.1 750176 - 2009-03-04 21:56:52]
	at org.apache.lucene.index.DocumentsWriter$WaitQueue.add(DocumentsWriter.java:1427) ~[lucene-core-2.4.1.jar:2.4.1 750176 - 2009-03-04 21:56:52]
	at org.apache.lucene.index.DocumentsWriter.finishDocument(DocumentsWriter.java:1062) ~[lucene-core-2.4.1.jar:2.4.1 750176 - 2009-03-04 21:56:52]
	at org.apache.lucene.index.DocumentsWriter.updateDocument(DocumentsWriter.java:768) ~[lucene-core-2.4.1.jar:2.4.1 750176 - 2009-03-04 21:56:52]
	at org.apache.lucene.index.DocumentsWriter.addDocument(DocumentsWriter.java:743) ~[lucene-core-2.4.1.jar:2.4.1 750176 - 2009-03-04 21:56:52]
	at org.apache.lucene.index.IndexWriter.addDocument(IndexWriter.java:1917) ~[lucene-core-2.4.1.jar:2.4.1 750176 - 2009-03-04 21:56:52]
	at org.apache.lucene.index.IndexWriter.addDocument(IndexWriter.java:1895) ~[lucene-core-2.4.1.jar:2.4.1 750176 - 2009-03-04 21:56:52]
	at org.apache.maven.index.DefaultIndexerEngine.remove(DefaultIndexerEngine.java:177) ~[org.eclipse.m2e.maven.indexer_1.2.0.20120903-0645.jar:na]
	at org.apache.maven.index.DefaultNexusIndexer.deleteArtifactFromIndex(DefaultNexusIndexer.java:350) ~[org.eclipse.m2e.maven.indexer_1.2.0.20120903-0645.jar:na]
	at org.eclipse.m2e.core.internal.index.nexus.NexusIndexManager.removeDocument(NexusIndexManager.java:621) [org.eclipse.m2e.core_1.2.0.20120903-1050.jar:na]
	at org.eclipse.m2e.core.internal.index.nexus.NexusIndexManager.mavenProjectChanged(NexusIndexManager.java:755) [org.eclipse.m2e.core_1.2.0.20120903-1050.jar:na]
	at org.eclipse.m2e.core.internal.project.registry.ProjectRegistryManager.notifyProjectChangeListeners(ProjectRegistryManager.java:729) [org.eclipse.m2e.core_1.2.0.20120903-1050.jar:na]
	at org.eclipse.m2e.core.internal.project.registry.ProjectRegistryManager.applyMutableProjectRegistry(ProjectRegistryManager.java:852) [org.eclipse.m2e.core_1.2.0.20120903-1050.jar:na]
	at org.eclipse.m2e.core.internal.project.registry.ProjectRegistryRefreshJob.run(ProjectRegistryRefreshJob.java:93) [org.eclipse.m2e.core_1.2.0.20120903-1050.jar:na]
	at org.eclipse.core.internal.jobs.Worker.run(Worker.java:53) [org.eclipse.core.jobs_3.5.300.v20120912-155018.jar:na]
2016-01-10 23:31:32,887 [Worker-1] ERROR o.e.m.c.i.i.nexus.NexusIndexManager - Unable to update index for central|http://repo.maven.apache.org/maven2
java.lang.IllegalArgumentException: D:\Home_Auto\NEW_HOME_TOMCAT\ws\.metadata\.plugins\org.eclipse.m2e.core\nexus\26522e0d83a422eed93329ece7565cfc does not exist
	at org.codehaus.plexus.util.FileUtils.cleanDirectory(FileUtils.java:1602) ~[plexus-utils-2.0.6.jar:na]
	at org.eclipse.m2e.core.internal.index.nexus.NexusIndexManager.updateRemoteIndex(NexusIndexManager.java:1142) [org.eclipse.m2e.core_1.2.0.20120903-1050.jar:na]
	at org.eclipse.m2e.core.internal.index.nexus.NexusIndexManager.updateIndex(NexusIndexManager.java:1081) [org.eclipse.m2e.core_1.2.0.20120903-1050.jar:na]
	at org.eclipse.m2e.core.internal.index.nexus.NexusIndexManager$1.run(NexusIndexManager.java:658) [org.eclipse.m2e.core_1.2.0.20120903-1050.jar:na]
	at org.eclipse.m2e.core.internal.index.nexus.IndexUpdaterJob.run(IndexUpdaterJob.java:71) [org.eclipse.m2e.core_1.2.0.20120903-1050.jar:na]
	at org.eclipse.core.internal.jobs.Worker.run(Worker.java:53) [org.eclipse.core.jobs_3.5.300.v20120912-155018.jar:na]
